Using pre-set license
Built from '2020.3/staging' branch; Version is '2020.3.0f1 (c7b5465681fb) revision 13088070'; Using compiler version '192528614'; Build Type 'Release'
OS: 'Windows 10 Home Single Language; OS build 19042.928; Version 2009; 64bit' Language: 'tr' Physical Memory: 15732 MB
BatchMode: 1, IsHumanControllingUs: 0, StartBugReporterOnCrash: 0, Is64bit: 1, IsPro: 0

 COMMAND LINE ARGUMENTS:
C:\Program Files\Unity\Hub\Editor\2020.3.0f1\Editor\Unity.exe
-adb2
-batchMode
-noUpm
-name
AssetImportWorker0
-projectPath
C:/Users/ozgur/Documents/GitHub/BMG4-PROJE/2D RPG GAME/2D MMORPG GAME
-logFile
Logs/AssetImportWorker0.log
-srvPort
60115
Successfully changed project path to: C:/Users/ozgur/Documents/GitHub/BMG4-PROJE/2D RPG GAME/2D MMORPG GAME
C:/Users/ozgur/Documents/GitHub/BMG4-PROJE/2D RPG GAME/2D MMORPG GAME
Using Asset Import Pipeline V2.
Refreshing native plugins compatible for Editor in 34.83 ms, found 1 plugins.
Preloading 0 native plugins for Editor in 0.00 ms.
Initialize engine version: 2020.3.0f1 (c7b5465681fb)
[Subsystems] Discovering subsystems at path C:/Program Files/Unity/Hub/Editor/2020.3.0f1/Editor/Data/Resources/UnitySubsystems
[Subsystems] Discovering subsystems at path C:/Users/ozgur/Documents/GitHub/BMG4-PROJE/2D RPG GAME/2D MMORPG GAME/Assets
GfxDevice: creating device client; threaded=0
Direct3D:
    Version:  Direct3D 11.0 [level 11.1]
    Renderer: NVIDIA GeForce GTX 1650 Ti (ID=0x1f95)
    Vendor:   
    VRAM:     3962 MB
    Driver:   27.21.14.5763
Initialize mono
Mono path[0] = 'C:/Program Files/Unity/Hub/Editor/2020.3.0f1/Editor/Data/Managed'
Mono path[1] = 'C:/Program Files/Unity/Hub/Editor/2020.3.0f1/Editor/Data/MonoBleedingEdge/lib/mono/unityjit'
Mono config path = 'C:/Program Files/Unity/Hub/Editor/2020.3.0f1/Editor/Data/MonoBleedingEdge/etc'
Using monoOptions --debugger-agent=transport=dt_socket,embedding=1,server=y,suspend=n,address=127.0.0.1:56680
Begin MonoManager ReloadAssembly
Registering precompiled unity dll's ...
Register platform support module: C:/Program Files/Unity/Hub/Editor/2020.3.0f1/Editor/Data/PlaybackEngines/WindowsStandaloneSupport/UnityEditor.WindowsStandalone.Extensions.dll
Registered in 0.001576 seconds.
Native extension for WindowsStandalone target not found
Refreshing native plugins compatible for Editor in 37.93 ms, found 1 plugins.
Preloading 0 native plugins for Editor in 0.00 ms.
Invoked RoslynAnalysisRunner static constructor.
RoslynAnalysisRunner will not be running.
RoslynAnalysisRunner has terminated.
Mono: successfully reloaded assembly
- Completed reload, in  1.356 seconds
Platform modules already initialized, skipping
Registering precompiled user dll's ...
Registered in 0.001218 seconds.
Begin MonoManager ReloadAssembly
Native extension for WindowsStandalone target not found
Refreshing native plugins compatible for Editor in 36.19 ms, found 1 plugins.
Preloading 0 native plugins for Editor in 0.00 ms.
Invoked RoslynAnalysisRunner static constructor.
RoslynAnalysisRunner will not be running.
RoslynAnalysisRunner has terminated.
Mono: successfully reloaded assembly
- Completed reload, in  0.772 seconds
Platform modules already initialized, skipping
========================================================================
Worker process is ready to serve import requests
Launched and connected shader compiler UnityShaderCompiler.exe after 0.05 seconds
Refreshing native plugins compatible for Editor in 0.39 ms, found 1 plugins.
Preloading 0 native plugins for Editor in 0.00 ms.
Unloading 1813 Unused Serialized files (Serialized files now loaded: 0)
System memory in use before: 84.8 MB.
System memory in use after: 84.7 MB.

Unloading 24 unused Assets to reduce memory usage. Loaded Objects now: 2256.
Total: 2.584700 ms (FindLiveObjects: 0.296100 ms CreateObjectMapping: 0.110200 ms MarkObjects: 2.056700 ms  DeleteObjects: 0.120000 ms)

========================================================================
Received Import Request.
  path: Assets/Universal Pixel Hero (Warrior)/Sprites/Player.controller
  artifactKey: Guid(1ddf983e71517b24886e44d0abaacab5) Importer(815301076,1909f56bfc062723c751e8b465ee728b)
Start importing Assets/Universal Pixel Hero (Warrior)/Sprites/Player.controller using Guid(1ddf983e71517b24886e44d0abaacab5) Importer(815301076,1909f56bfc062723c751e8b465ee728b)  -> (artifact id: '857379e8b5bd77acac3a64b58981f42f') in 0.038752 seconds
  Import took 0.042694 seconds .

========================================================================
Received Import Request.
  Time since last request: 259.153903 seconds.
  path: Assets/Universal Pixel Hero (Warrior)/Sprites/Player.controller
  artifactKey: Guid(1ddf983e71517b24886e44d0abaacab5) Importer(815301076,1909f56bfc062723c751e8b465ee728b)
Start importing Assets/Universal Pixel Hero (Warrior)/Sprites/Player.controller using Guid(1ddf983e71517b24886e44d0abaacab5) Importer(815301076,1909f56bfc062723c751e8b465ee728b)  -> (artifact id: '2c55739fc5d3661d4c50051a9f9bc475') in 0.003290 seconds
  Import took 0.006979 seconds .

========================================================================
Received Prepare
Registering precompiled user dll's ...
Registered in 0.000908 seconds.
Begin MonoManager ReloadAssembly
Native extension for WindowsStandalone target not found
Refreshing native plugins compatible for Editor in 0.41 ms, found 1 plugins.
Preloading 0 native plugins for Editor in 0.00 ms.
Invoked RoslynAnalysisRunner static constructor.
RoslynAnalysisRunner will not be running.
RoslynAnalysisRunner has terminated.
Mono: successfully reloaded assembly
- Completed reload, in  0.713 seconds
Platform modules already initialized, skipping
Refreshing native plugins compatible for Editor in 0.40 ms, found 1 plugins.
Preloading 0 native plugins for Editor in 0.00 ms.
Unloading 1808 Unused Serialized files (Serialized files now loaded: 0)
System memory in use before: 84.7 MB.
System memory in use after: 84.7 MB.

Unloading 12 unused Assets to reduce memory usage. Loaded Objects now: 2260.
Total: 2.770000 ms (FindLiveObjects: 0.328300 ms CreateObjectMapping: 0.124700 ms MarkObjects: 2.202900 ms  DeleteObjects: 0.112300 ms)

========================================================================
Received Import Request.
  Time since last request: 64.595351 seconds.
  path: Assets/CharacterContoller.cs
  artifactKey: Guid(4f9ace6f868a68e45970c8c775b645d0) Importer(815301076,1909f56bfc062723c751e8b465ee728b)
Start importing Assets/CharacterContoller.cs using Guid(4f9ace6f868a68e45970c8c775b645d0) Importer(815301076,1909f56bfc062723c751e8b465ee728b)  -> (artifact id: 'f651b3e0a835facc58494cb50b0c43b2') in 0.021336 seconds
  Import took 0.024711 seconds .

========================================================================
Received Prepare
Registering precompiled user dll's ...
Registered in 0.000944 seconds.
Begin MonoManager ReloadAssembly
Native extension for WindowsStandalone target not found
Refreshing native plugins compatible for Editor in 0.40 ms, found 1 plugins.
Preloading 0 native plugins for Editor in 0.00 ms.
Invoked RoslynAnalysisRunner static constructor.
RoslynAnalysisRunner will not be running.
RoslynAnalysisRunner has terminated.
Mono: successfully reloaded assembly
- Completed reload, in  0.698 seconds
Platform modules already initialized, skipping
Refreshing native plugins compatible for Editor in 0.39 ms, found 1 plugins.
Preloading 0 native plugins for Editor in 0.00 ms.
Unloading 1808 Unused Serialized files (Serialized files now loaded: 0)
System memory in use before: 84.8 MB.
System memory in use after: 84.8 MB.

Unloading 12 unused Assets to reduce memory usage. Loaded Objects now: 2264.
Total: 2.451800 ms (FindLiveObjects: 0.256600 ms CreateObjectMapping: 0.074800 ms MarkObjects: 2.004200 ms  DeleteObjects: 0.115000 ms)

========================================================================
Received Prepare
Registering precompiled user dll's ...
Registered in 0.000899 seconds.
Begin MonoManager ReloadAssembly
Native extension for WindowsStandalone target not found
Refreshing native plugins compatible for Editor in 0.41 ms, found 1 plugins.
Preloading 0 native plugins for Editor in 0.00 ms.
Invoked RoslynAnalysisRunner static constructor.
RoslynAnalysisRunner will not be running.
RoslynAnalysisRunner has terminated.
Mono: successfully reloaded assembly
- Completed reload, in  0.711 seconds
Platform modules already initialized, skipping
Refreshing native plugins compatible for Editor in 0.41 ms, found 1 plugins.
Preloading 0 native plugins for Editor in 0.00 ms.
Unloading 1808 Unused Serialized files (Serialized files now loaded: 0)
System memory in use before: 84.8 MB.
System memory in use after: 84.8 MB.

Unloading 12 unused Assets to reduce memory usage. Loaded Objects now: 2268.
Total: 1.892600 ms (FindLiveObjects: 0.217400 ms CreateObjectMapping: 0.039400 ms MarkObjects: 1.528300 ms  DeleteObjects: 0.106000 ms)

========================================================================
Received Prepare
Registering precompiled user dll's ...
Registered in 0.000888 seconds.
Begin MonoManager ReloadAssembly
Native extension for WindowsStandalone target not found
Refreshing native plugins compatible for Editor in 0.40 ms, found 1 plugins.
Preloading 0 native plugins for Editor in 0.00 ms.
Invoked RoslynAnalysisRunner static constructor.
RoslynAnalysisRunner will not be running.
RoslynAnalysisRunner has terminated.
Mono: successfully reloaded assembly
- Completed reload, in  0.692 seconds
Platform modules already initialized, skipping
Refreshing native plugins compatible for Editor in 0.48 ms, found 1 plugins.
Preloading 0 native plugins for Editor in 0.00 ms.
Unloading 1808 Unused Serialized files (Serialized files now loaded: 0)
System memory in use before: 84.8 MB.
System memory in use after: 84.8 MB.

Unloading 12 unused Assets to reduce memory usage. Loaded Objects now: 2272.
Total: 1.819500 ms (FindLiveObjects: 0.182600 ms CreateObjectMapping: 0.040800 ms MarkObjects: 1.471600 ms  DeleteObjects: 0.123500 ms)

========================================================================
Received Import Request.
  Time since last request: 305.922599 seconds.
  path: Assets/Universal Pixel Hero (Warrior)/Animation/warriorAttack1.anim
  artifactKey: Guid(4d434d03977974e9d9de8bce1a865753) Importer(815301076,1909f56bfc062723c751e8b465ee728b)
Start importing Assets/Universal Pixel Hero (Warrior)/Animation/warriorAttack1.anim using Guid(4d434d03977974e9d9de8bce1a865753) Importer(815301076,1909f56bfc062723c751e8b465ee728b)  -> (artifact id: '3ee012179761fe167cad6826bb248fd7') in 0.017480 seconds
  Import took 0.020785 seconds .

========================================================================
Received Prepare
Registering precompiled user dll's ...
Registered in 0.000964 seconds.
Begin MonoManager ReloadAssembly
Native extension for WindowsStandalone target not found
Refreshing native plugins compatible for Editor in 0.40 ms, found 1 plugins.
Preloading 0 native plugins for Editor in 0.00 ms.
Invoked RoslynAnalysisRunner static constructor.
RoslynAnalysisRunner will not be running.
RoslynAnalysisRunner has terminated.
Mono: successfully reloaded assembly
- Completed reload, in  0.694 seconds
Platform modules already initialized, skipping
Refreshing native plugins compatible for Editor in 0.39 ms, found 1 plugins.
Preloading 0 native plugins for Editor in 0.00 ms.
Unloading 1808 Unused Serialized files (Serialized files now loaded: 0)
System memory in use before: 84.8 MB.
System memory in use after: 84.8 MB.

Unloading 12 unused Assets to reduce memory usage. Loaded Objects now: 2276.
Total: 2.611800 ms (FindLiveObjects: 0.328900 ms CreateObjectMapping: 0.111600 ms MarkObjects: 2.056600 ms  DeleteObjects: 0.112900 ms)

========================================================================
Received Prepare
Registering precompiled user dll's ...
Registered in 0.001038 seconds.
Begin MonoManager ReloadAssembly
Native extension for WindowsStandalone target not found
Refreshing native plugins compatible for Editor in 0.42 ms, found 1 plugins.
Preloading 0 native plugins for Editor in 0.00 ms.
Invoked RoslynAnalysisRunner static constructor.
RoslynAnalysisRunner will not be running.
RoslynAnalysisRunner has terminated.
Mono: successfully reloaded assembly
- Completed reload, in  0.689 seconds
Platform modules already initialized, skipping
Refreshing native plugins compatible for Editor in 0.41 ms, found 1 plugins.
Preloading 0 native plugins for Editor in 0.00 ms.
Unloading 1808 Unused Serialized files (Serialized files now loaded: 0)
System memory in use before: 84.8 MB.
System memory in use after: 84.8 MB.

Unloading 12 unused Assets to reduce memory usage. Loaded Objects now: 2280.
Total: 2.464200 ms (FindLiveObjects: 0.253300 ms CreateObjectMapping: 0.044300 ms MarkObjects: 2.051200 ms  DeleteObjects: 0.114200 ms)

========================================================================
Received Prepare
Registering precompiled user dll's ...
Registered in 0.000910 seconds.
Begin MonoManager ReloadAssembly
Native extension for WindowsStandalone target not found
Refreshing native plugins compatible for Editor in 0.42 ms, found 1 plugins.
Preloading 0 native plugins for Editor in 0.00 ms.
Invoked RoslynAnalysisRunner static constructor.
RoslynAnalysisRunner will not be running.
RoslynAnalysisRunner has terminated.
Mono: successfully reloaded assembly
- Completed reload, in  0.676 seconds
Platform modules already initialized, skipping
Refreshing native plugins compatible for Editor in 0.39 ms, found 1 plugins.
Preloading 0 native plugins for Editor in 0.00 ms.
Unloading 1808 Unused Serialized files (Serialized files now loaded: 0)
System memory in use before: 84.9 MB.
System memory in use after: 84.8 MB.

Unloading 12 unused Assets to reduce memory usage. Loaded Objects now: 2284.
Total: 1.824100 ms (FindLiveObjects: 0.195600 ms CreateObjectMapping: 0.041300 ms MarkObjects: 1.471600 ms  DeleteObjects: 0.114600 ms)

========================================================================
Received Prepare
Registering precompiled user dll's ...
Registered in 0.000897 seconds.
Begin MonoManager ReloadAssembly
Native extension for WindowsStandalone target not found
Refreshing native plugins compatible for Editor in 0.40 ms, found 1 plugins.
Preloading 0 native plugins for Editor in 0.00 ms.
Invoked RoslynAnalysisRunner static constructor.
RoslynAnalysisRunner will not be running.
RoslynAnalysisRunner has terminated.
Mono: successfully reloaded assembly
- Completed reload, in  0.696 seconds
Platform modules already initialized, skipping
Refreshing native plugins compatible for Editor in 0.39 ms, found 1 plugins.
Preloading 0 native plugins for Editor in 0.00 ms.
Unloading 1808 Unused Serialized files (Serialized files now loaded: 0)
System memory in use before: 84.9 MB.
System memory in use after: 84.9 MB.

Unloading 12 unused Assets to reduce memory usage. Loaded Objects now: 2288.
Total: 2.883000 ms (FindLiveObjects: 0.285500 ms CreateObjectMapping: 0.115300 ms MarkObjects: 2.363600 ms  DeleteObjects: 0.117400 ms)

========================================================================
Received Prepare
Registering precompiled user dll's ...
Registered in 0.000905 seconds.
Begin MonoManager ReloadAssembly
Native extension for WindowsStandalone target not found
Refreshing native plugins compatible for Editor in 0.39 ms, found 1 plugins.
Preloading 0 native plugins for Editor in 0.00 ms.
Invoked RoslynAnalysisRunner static constructor.
RoslynAnalysisRunner will not be running.
RoslynAnalysisRunner has terminated.
Mono: successfully reloaded assembly
- Completed reload, in  0.684 seconds
Platform modules already initialized, skipping
Refreshing native plugins compatible for Editor in 0.39 ms, found 1 plugins.
Preloading 0 native plugins for Editor in 0.00 ms.
Unloading 1808 Unused Serialized files (Serialized files now loaded: 0)
System memory in use before: 84.9 MB.
System memory in use after: 84.9 MB.

Unloading 12 unused Assets to reduce memory usage. Loaded Objects now: 2292.
Total: 2.357800 ms (FindLiveObjects: 0.359200 ms CreateObjectMapping: 0.085800 ms MarkObjects: 1.797400 ms  DeleteObjects: 0.113800 ms)

========================================================================
Received Import Request.
  Time since last request: 645.945263 seconds.
  path: Assets/EnemyHealth.cs
  artifactKey: Guid(1d117f07318aa8646877aaae566d178b) Importer(815301076,1909f56bfc062723c751e8b465ee728b)
Start importing Assets/EnemyHealth.cs using Guid(1d117f07318aa8646877aaae566d178b) Importer(815301076,1909f56bfc062723c751e8b465ee728b)  -> (artifact id: '3b56a0a17c04a560e0bbb2d7a5e55800') in 0.013586 seconds
  Import took 0.016660 seconds .

========================================================================
Received Prepare
Registering precompiled user dll's ...
Registered in 0.001045 seconds.
Begin MonoManager ReloadAssembly
Native extension for WindowsStandalone target not found
Refreshing native plugins compatible for Editor in 0.47 ms, found 1 plugins.
Preloading 0 native plugins for Editor in 0.00 ms.
Invoked RoslynAnalysisRunner static constructor.
RoslynAnalysisRunner will not be running.
RoslynAnalysisRunner has terminated.
Mono: successfully reloaded assembly
- Completed reload, in  0.834 seconds
Platform modules already initialized, skipping
Refreshing native plugins compatible for Editor in 0.54 ms, found 1 plugins.
Preloading 0 native plugins for Editor in 0.00 ms.
Unloading 1808 Unused Serialized files (Serialized files now loaded: 0)
System memory in use before: 84.9 MB.
System memory in use after: 84.9 MB.

Unloading 12 unused Assets to reduce memory usage. Loaded Objects now: 2296.
Total: 3.078200 ms (FindLiveObjects: 0.291200 ms CreateObjectMapping: 0.050100 ms MarkObjects: 2.564600 ms  DeleteObjects: 0.170700 ms)

========================================================================
Received Prepare
Registering precompiled user dll's ...
Registered in 0.000942 seconds.
Begin MonoManager ReloadAssembly
Native extension for WindowsStandalone target not found
Refreshing native plugins compatible for Editor in 0.45 ms, found 1 plugins.
Preloading 0 native plugins for Editor in 0.00 ms.
Invoked RoslynAnalysisRunner static constructor.
RoslynAnalysisRunner will not be running.
RoslynAnalysisRunner has terminated.
Mono: successfully reloaded assembly
- Completed reload, in  0.747 seconds
Platform modules already initialized, skipping
Refreshing native plugins compatible for Editor in 0.40 ms, found 1 plugins.
Preloading 0 native plugins for Editor in 0.00 ms.
Unloading 1808 Unused Serialized files (Serialized files now loaded: 0)
System memory in use before: 84.9 MB.
System memory in use after: 84.9 MB.

Unloading 12 unused Assets to reduce memory usage. Loaded Objects now: 2300.
Total: 1.925600 ms (FindLiveObjects: 0.191600 ms CreateObjectMapping: 0.039600 ms MarkObjects: 1.579600 ms  DeleteObjects: 0.113800 ms)

========================================================================
Received Prepare
Registering precompiled user dll's ...
Registered in 0.001179 seconds.
Begin MonoManager ReloadAssembly
Native extension for WindowsStandalone target not found
Refreshing native plugins compatible for Editor in 0.45 ms, found 1 plugins.
Preloading 0 native plugins for Editor in 0.00 ms.
Invoked RoslynAnalysisRunner static constructor.
RoslynAnalysisRunner will not be running.
RoslynAnalysisRunner has terminated.
Mono: successfully reloaded assembly
- Completed reload, in  0.764 seconds
Platform modules already initialized, skipping
Refreshing native plugins compatible for Editor in 0.43 ms, found 1 plugins.
Preloading 0 native plugins for Editor in 0.00 ms.
Unloading 1808 Unused Serialized files (Serialized files now loaded: 0)
System memory in use before: 84.9 MB.
System memory in use after: 84.9 MB.

Unloading 12 unused Assets to reduce memory usage. Loaded Objects now: 2304.
Total: 2.311200 ms (FindLiveObjects: 0.229500 ms CreateObjectMapping: 0.044400 ms MarkObjects: 1.883100 ms  DeleteObjects: 0.152600 ms)

========================================================================
Received Prepare
Registering precompiled user dll's ...
Registered in 0.001184 seconds.
Begin MonoManager ReloadAssembly
Native extension for WindowsStandalone target not found
Refreshing native plugins compatible for Editor in 0.41 ms, found 1 plugins.
Preloading 0 native plugins for Editor in 0.00 ms.
Invoked RoslynAnalysisRunner static constructor.
RoslynAnalysisRunner will not be running.
RoslynAnalysisRunner has terminated.
Mono: successfully reloaded assembly
- Completed reload, in  0.736 seconds
Platform modules already initialized, skipping
Refreshing native plugins compatible for Editor in 0.39 ms, found 1 plugins.
Preloading 0 native plugins for Editor in 0.00 ms.
Unloading 1808 Unused Serialized files (Serialized files now loaded: 0)
System memory in use before: 84.9 MB.
System memory in use after: 84.9 MB.

Unloading 12 unused Assets to reduce memory usage. Loaded Objects now: 2308.
Total: 2.470000 ms (FindLiveObjects: 0.287200 ms CreateObjectMapping: 0.052300 ms MarkObjects: 2.004400 ms  DeleteObjects: 0.125000 ms)

========================================================================
Received Prepare
Registering precompiled user dll's ...
Registered in 0.001223 seconds.
Begin MonoManager ReloadAssembly
Native extension for WindowsStandalone target not found
Refreshing native plugins compatible for Editor in 0.43 ms, found 1 plugins.
Preloading 0 native plugins for Editor in 0.00 ms.
Invoked RoslynAnalysisRunner static constructor.
RoslynAnalysisRunner will not be running.
RoslynAnalysisRunner has terminated.
Mono: successfully reloaded assembly
- Completed reload, in  0.730 seconds
Platform modules already initialized, skipping
Refreshing native plugins compatible for Editor in 0.42 ms, found 1 plugins.
Preloading 0 native plugins for Editor in 0.00 ms.
Unloading 1808 Unused Serialized files (Serialized files now loaded: 0)
System memory in use before: 84.9 MB.
System memory in use after: 84.9 MB.

Unloading 12 unused Assets to reduce memory usage. Loaded Objects now: 2312.
Total: 2.479900 ms (FindLiveObjects: 0.200700 ms CreateObjectMapping: 0.041100 ms MarkObjects: 2.091100 ms  DeleteObjects: 0.145600 ms)

========================================================================
Received Prepare
Registering precompiled user dll's ...
Registered in 0.001203 seconds.
Begin MonoManager ReloadAssembly
Native extension for WindowsStandalone target not found
Refreshing native plugins compatible for Editor in 0.42 ms, found 1 plugins.
Preloading 0 native plugins for Editor in 0.00 ms.
Invoked RoslynAnalysisRunner static constructor.
RoslynAnalysisRunner will not be running.
RoslynAnalysisRunner has terminated.
Mono: successfully reloaded assembly
- Completed reload, in  0.717 seconds
Platform modules already initialized, skipping
Refreshing native plugins compatible for Editor in 0.40 ms, found 1 plugins.
Preloading 0 native plugins for Editor in 0.00 ms.
Unloading 1808 Unused Serialized files (Serialized files now loaded: 0)
System memory in use before: 84.9 MB.
System memory in use after: 84.9 MB.

Unloading 12 unused Assets to reduce memory usage. Loaded Objects now: 2316.
Total: 2.242300 ms (FindLiveObjects: 0.233000 ms CreateObjectMapping: 0.038400 ms MarkObjects: 1.848800 ms  DeleteObjects: 0.119600 ms)

========================================================================
Received Prepare
Registering precompiled user dll's ...
Registered in 0.000982 seconds.
Begin MonoManager ReloadAssembly
Native extension for WindowsStandalone target not found
Refreshing native plugins compatible for Editor in 0.43 ms, found 1 plugins.
Preloading 0 native plugins for Editor in 0.00 ms.
Invoked RoslynAnalysisRunner static constructor.
RoslynAnalysisRunner will not be running.
RoslynAnalysisRunner has terminated.
Mono: successfully reloaded assembly
- Completed reload, in  0.724 seconds
Platform modules already initialized, skipping
Refreshing native plugins compatible for Editor in 0.40 ms, found 1 plugins.
Preloading 0 native plugins for Editor in 0.00 ms.
Unloading 1808 Unused Serialized files (Serialized files now loaded: 0)
System memory in use before: 84.9 MB.
System memory in use after: 84.9 MB.

Unloading 12 unused Assets to reduce memory usage. Loaded Objects now: 2320.
Total: 2.286700 ms (FindLiveObjects: 0.238800 ms CreateObjectMapping: 0.076300 ms MarkObjects: 1.855600 ms  DeleteObjects: 0.115000 ms)

========================================================================
Received Prepare
Registering precompiled user dll's ...
Registered in 0.000939 seconds.
Begin MonoManager ReloadAssembly
Native extension for WindowsStandalone target not found
Refreshing native plugins compatible for Editor in 0.42 ms, found 1 plugins.
Preloading 0 native plugins for Editor in 0.00 ms.
Invoked RoslynAnalysisRunner static constructor.
RoslynAnalysisRunner will not be running.
RoslynAnalysisRunner has terminated.
Mono: successfully reloaded assembly
- Completed reload, in  0.748 seconds
Platform modules already initialized, skipping
Refreshing native plugins compatible for Editor in 0.42 ms, found 1 plugins.
Preloading 0 native plugins for Editor in 0.00 ms.
Unloading 1808 Unused Serialized files (Serialized files now loaded: 0)
System memory in use before: 84.9 MB.
System memory in use after: 84.9 MB.

Unloading 12 unused Assets to reduce memory usage. Loaded Objects now: 2324.
Total: 2.487300 ms (FindLiveObjects: 0.254500 ms CreateObjectMapping: 0.070800 ms MarkObjects: 2.039700 ms  DeleteObjects: 0.120700 ms)

========================================================================
Received Prepare
Registering precompiled user dll's ...
Registered in 0.001361 seconds.
Begin MonoManager ReloadAssembly
Native extension for WindowsStandalone target not found
Refreshing native plugins compatible for Editor in 0.40 ms, found 1 plugins.
Preloading 0 native plugins for Editor in 0.00 ms.
Invoked RoslynAnalysisRunner static constructor.
RoslynAnalysisRunner will not be running.
RoslynAnalysisRunner has terminated.
Mono: successfully reloaded assembly
- Completed reload, in  0.689 seconds
Platform modules already initialized, skipping
Refreshing native plugins compatible for Editor in 0.39 ms, found 1 plugins.
Preloading 0 native plugins for Editor in 0.00 ms.
Unloading 1808 Unused Serialized files (Serialized files now loaded: 0)
System memory in use before: 85.0 MB.
System memory in use after: 84.9 MB.

Unloading 12 unused Assets to reduce memory usage. Loaded Objects now: 2328.
Total: 1.958100 ms (FindLiveObjects: 0.239700 ms CreateObjectMapping: 0.072500 ms MarkObjects: 1.531700 ms  DeleteObjects: 0.113000 ms)

========================================================================
Received Prepare
Registering precompiled user dll's ...
Registered in 0.000893 seconds.
Begin MonoManager ReloadAssembly
Native extension for WindowsStandalone target not found
Refreshing native plugins compatible for Editor in 0.45 ms, found 1 plugins.
Preloading 0 native plugins for Editor in 0.00 ms.
Invoked RoslynAnalysisRunner static constructor.
RoslynAnalysisRunner will not be running.
RoslynAnalysisRunner has terminated.
Mono: successfully reloaded assembly
- Completed reload, in  0.742 seconds
Platform modules already initialized, skipping
Refreshing native plugins compatible for Editor in 0.40 ms, found 1 plugins.
Preloading 0 native plugins for Editor in 0.00 ms.
Unloading 1808 Unused Serialized files (Serialized files now loaded: 0)
System memory in use before: 85.0 MB.
System memory in use after: 85.0 MB.

Unloading 12 unused Assets to reduce memory usage. Loaded Objects now: 2332.
Total: 2.295300 ms (FindLiveObjects: 0.346200 ms CreateObjectMapping: 0.102600 ms MarkObjects: 1.731800 ms  DeleteObjects: 0.113100 ms)

========================================================================
Received Prepare
Registering precompiled user dll's ...
Registered in 0.000930 seconds.
Begin MonoManager ReloadAssembly
Native extension for WindowsStandalone target not found
Refreshing native plugins compatible for Editor in 0.43 ms, found 1 plugins.
Preloading 0 native plugins for Editor in 0.00 ms.
Invoked RoslynAnalysisRunner static constructor.
RoslynAnalysisRunner will not be running.
RoslynAnalysisRunner has terminated.
Mono: successfully reloaded assembly
- Completed reload, in  0.692 seconds
Platform modules already initialized, skipping
Refreshing native plugins compatible for Editor in 0.40 ms, found 1 plugins.
Preloading 0 native plugins for Editor in 0.00 ms.
Unloading 1808 Unused Serialized files (Serialized files now loaded: 0)
System memory in use before: 85.0 MB.
System memory in use after: 85.0 MB.

Unloading 12 unused Assets to reduce memory usage. Loaded Objects now: 2336.
Total: 2.054600 ms (FindLiveObjects: 0.203200 ms CreateObjectMapping: 0.037300 ms MarkObjects: 1.692900 ms  DeleteObjects: 0.120100 ms)

========================================================================
Received Prepare
Registering precompiled user dll's ...
Registered in 0.000887 seconds.
Begin MonoManager ReloadAssembly
Native extension for WindowsStandalone target not found
Refreshing native plugins compatible for Editor in 0.40 ms, found 1 plugins.
Preloading 0 native plugins for Editor in 0.00 ms.
Invoked RoslynAnalysisRunner static constructor.
RoslynAnalysisRunner will not be running.
RoslynAnalysisRunner has terminated.
Mono: successfully reloaded assembly
- Completed reload, in  0.699 seconds
Platform modules already initialized, skipping
Refreshing native plugins compatible for Editor in 0.41 ms, found 1 plugins.
Preloading 0 native plugins for Editor in 0.00 ms.
Unloading 1808 Unused Serialized files (Serialized files now loaded: 0)
System memory in use before: 85.0 MB.
System memory in use after: 85.0 MB.

Unloading 12 unused Assets to reduce memory usage. Loaded Objects now: 2340.
Total: 2.374600 ms (FindLiveObjects: 0.505700 ms CreateObjectMapping: 0.057900 ms MarkObjects: 1.700100 ms  DeleteObjects: 0.109700 ms)

========================================================================
Received Prepare
Registering precompiled user dll's ...
Registered in 0.000890 seconds.
Begin MonoManager ReloadAssembly
Native extension for WindowsStandalone target not found
Refreshing native plugins compatible for Editor in 0.43 ms, found 1 plugins.
Preloading 0 native plugins for Editor in 0.00 ms.
Invoked RoslynAnalysisRunner static constructor.
RoslynAnalysisRunner will not be running.
RoslynAnalysisRunner has terminated.
Mono: successfully reloaded assembly
- Completed reload, in  0.728 seconds
Platform modules already initialized, skipping
Refreshing native plugins compatible for Editor in 0.39 ms, found 1 plugins.
Preloading 0 native plugins for Editor in 0.00 ms.
Unloading 1808 Unused Serialized files (Serialized files now loaded: 0)
System memory in use before: 85.0 MB.
System memory in use after: 85.0 MB.

Unloading 12 unused Assets to reduce memory usage. Loaded Objects now: 2344.
Total: 2.408100 ms (FindLiveObjects: 0.268300 ms CreateObjectMapping: 0.102000 ms MarkObjects: 1.923100 ms  DeleteObjects: 0.113300 ms)

========================================================================
Received Prepare
Registering precompiled user dll's ...
Registered in 0.001911 seconds.
Begin MonoManager ReloadAssembly
Native extension for WindowsStandalone target not found
Refreshing native plugins compatible for Editor in 0.42 ms, found 1 plugins.
Preloading 0 native plugins for Editor in 0.00 ms.
Invoked RoslynAnalysisRunner static constructor.
RoslynAnalysisRunner will not be running.
RoslynAnalysisRunner has terminated.
Mono: successfully reloaded assembly
- Completed reload, in  0.706 seconds
Platform modules already initialized, skipping
Refreshing native plugins compatible for Editor in 0.47 ms, found 1 plugins.
Preloading 0 native plugins for Editor in 0.00 ms.
Unloading 1808 Unused Serialized files (Serialized files now loaded: 0)
System memory in use before: 85.0 MB.
System memory in use after: 85.0 MB.

Unloading 12 unused Assets to reduce memory usage. Loaded Objects now: 2348.
Total: 2.315700 ms (FindLiveObjects: 0.391400 ms CreateObjectMapping: 0.095200 ms MarkObjects: 1.718900 ms  DeleteObjects: 0.108500 ms)

========================================================================
Received Prepare
Registering precompiled user dll's ...
Registered in 0.000956 seconds.
Begin MonoManager ReloadAssembly
Native extension for WindowsStandalone target not found
Refreshing native plugins compatible for Editor in 0.41 ms, found 1 plugins.
Preloading 0 native plugins for Editor in 0.00 ms.
Invoked RoslynAnalysisRunner static constructor.
RoslynAnalysisRunner will not be running.
RoslynAnalysisRunner has terminated.
Mono: successfully reloaded assembly
- Completed reload, in  0.753 seconds
Platform modules already initialized, skipping
Refreshing native plugins compatible for Editor in 0.39 ms, found 1 plugins.
Preloading 0 native plugins for Editor in 0.00 ms.
Unloading 1808 Unused Serialized files (Serialized files now loaded: 0)
System memory in use before: 85.0 MB.
System memory in use after: 85.0 MB.

Unloading 12 unused Assets to reduce memory usage. Loaded Objects now: 2352.
Total: 2.953300 ms (FindLiveObjects: 0.190700 ms CreateObjectMapping: 0.037200 ms MarkObjects: 2.603600 ms  DeleteObjects: 0.120900 ms)

========================================================================
Received Prepare
Registering precompiled user dll's ...
Registered in 0.000863 seconds.
Begin MonoManager ReloadAssembly
Native extension for WindowsStandalone target not found
Refreshing native plugins compatible for Editor in 0.40 ms, found 1 plugins.
Preloading 0 native plugins for Editor in 0.00 ms.
Invoked RoslynAnalysisRunner static constructor.
RoslynAnalysisRunner will not be running.
RoslynAnalysisRunner has terminated.
Mono: successfully reloaded assembly
- Completed reload, in  0.688 seconds
Platform modules already initialized, skipping
Refreshing native plugins compatible for Editor in 0.42 ms, found 1 plugins.
Preloading 0 native plugins for Editor in 0.00 ms.
Unloading 1808 Unused Serialized files (Serialized files now loaded: 0)
System memory in use before: 85.0 MB.
System memory in use after: 85.0 MB.

Unloading 12 unused Assets to reduce memory usage. Loaded Objects now: 2356.
Total: 2.045700 ms (FindLiveObjects: 0.258200 ms CreateObjectMapping: 0.074700 ms MarkObjects: 1.597300 ms  DeleteObjects: 0.114200 ms)

========================================================================
Received Prepare
Registering precompiled user dll's ...
Registered in 0.000953 seconds.
Begin MonoManager ReloadAssembly
Native extension for WindowsStandalone target not found
Refreshing native plugins compatible for Editor in 0.41 ms, found 1 plugins.
Preloading 0 native plugins for Editor in 0.00 ms.
Invoked RoslynAnalysisRunner static constructor.
RoslynAnalysisRunner will not be running.
RoslynAnalysisRunner has terminated.
Mono: successfully reloaded assembly
- Completed reload, in  0.703 seconds
Platform modules already initialized, skipping
Refreshing native plugins compatible for Editor in 0.41 ms, found 1 plugins.
Preloading 0 native plugins for Editor in 0.00 ms.
Unloading 1808 Unused Serialized files (Serialized files now loaded: 0)
System memory in use before: 85.0 MB.
System memory in use after: 85.0 MB.

Unloading 12 unused Assets to reduce memory usage. Loaded Objects now: 2360.
Total: 2.481700 ms (FindLiveObjects: 0.250600 ms CreateObjectMapping: 0.074900 ms MarkObjects: 2.042600 ms  DeleteObjects: 0.112300 ms)

========================================================================
Received Prepare
Registering precompiled user dll's ...
Registered in 0.000893 seconds.
Begin MonoManager ReloadAssembly
Native extension for WindowsStandalone target not found
Refreshing native plugins compatible for Editor in 0.39 ms, found 1 plugins.
Preloading 0 native plugins for Editor in 0.00 ms.
Invoked RoslynAnalysisRunner static constructor.
RoslynAnalysisRunner will not be running.
RoslynAnalysisRunner has terminated.
Mono: successfully reloaded assembly
- Completed reload, in  0.726 seconds
Platform modules already initialized, skipping
Refreshing native plugins compatible for Editor in 0.39 ms, found 1 plugins.
Preloading 0 native plugins for Editor in 0.00 ms.
Unloading 1808 Unused Serialized files (Serialized files now loaded: 0)
System memory in use before: 85.0 MB.
System memory in use after: 85.0 MB.

Unloading 12 unused Assets to reduce memory usage. Loaded Objects now: 2364.
Total: 1.999400 ms (FindLiveObjects: 0.253600 ms CreateObjectMapping: 0.073000 ms MarkObjects: 1.561300 ms  DeleteObjects: 0.110300 ms)

========================================================================
Received Prepare
Registering precompiled user dll's ...
Registered in 0.000939 seconds.
Begin MonoManager ReloadAssembly
Native extension for WindowsStandalone target not found
Refreshing native plugins compatible for Editor in 0.43 ms, found 1 plugins.
Preloading 0 native plugins for Editor in 0.00 ms.
Invoked RoslynAnalysisRunner static constructor.
RoslynAnalysisRunner will not be running.
RoslynAnalysisRunner has terminated.
Mono: successfully reloaded assembly
- Completed reload, in  0.715 seconds
Platform modules already initialized, skipping
Refreshing native plugins compatible for Editor in 0.42 ms, found 1 plugins.
Preloading 0 native plugins for Editor in 0.00 ms.
Unloading 1808 Unused Serialized files (Serialized files now loaded: 0)
System memory in use before: 85.0 MB.
System memory in use after: 85.0 MB.

Unloading 12 unused Assets to reduce memory usage. Loaded Objects now: 2368.
Total: 2.620300 ms (FindLiveObjects: 0.206400 ms CreateObjectMapping: 0.038300 ms MarkObjects: 2.264600 ms  DeleteObjects: 0.109900 ms)

========================================================================
Received Prepare
Registering precompiled user dll's ...
Registered in 0.000896 seconds.
Begin MonoManager ReloadAssembly
Native extension for WindowsStandalone target not found
Refreshing native plugins compatible for Editor in 0.40 ms, found 1 plugins.
Preloading 0 native plugins for Editor in 0.00 ms.
Invoked RoslynAnalysisRunner static constructor.
RoslynAnalysisRunner will not be running.
RoslynAnalysisRunner has terminated.
Mono: successfully reloaded assembly
- Completed reload, in  0.748 seconds
Platform modules already initialized, skipping
Refreshing native plugins compatible for Editor in 0.40 ms, found 1 plugins.
Preloading 0 native plugins for Editor in 0.00 ms.
Unloading 1808 Unused Serialized files (Serialized files now loaded: 0)
System memory in use before: 85.1 MB.
System memory in use after: 85.0 MB.

Unloading 12 unused Assets to reduce memory usage. Loaded Objects now: 2372.
Total: 2.025800 ms (FindLiveObjects: 0.281300 ms CreateObjectMapping: 0.075200 ms MarkObjects: 1.549500 ms  DeleteObjects: 0.118500 ms)

========================================================================
Received Prepare
Registering precompiled user dll's ...
Registered in 0.000955 seconds.
Begin MonoManager ReloadAssembly
Native extension for WindowsStandalone target not found
Refreshing native plugins compatible for Editor in 0.40 ms, found 1 plugins.
Preloading 0 native plugins for Editor in 0.00 ms.
Invoked RoslynAnalysisRunner static constructor.
RoslynAnalysisRunner will not be running.
RoslynAnalysisRunner has terminated.
Mono: successfully reloaded assembly
- Completed reload, in  0.728 seconds
Platform modules already initialized, skipping
Refreshing native plugins compatible for Editor in 0.39 ms, found 1 plugins.
Preloading 0 native plugins for Editor in 0.00 ms.
Unloading 1808 Unused Serialized files (Serialized files now loaded: 0)
System memory in use before: 85.1 MB.
System memory in use after: 85.1 MB.

Unloading 12 unused Assets to reduce memory usage. Loaded Objects now: 2376.
Total: 2.354300 ms (FindLiveObjects: 0.245200 ms CreateObjectMapping: 0.037700 ms MarkObjects: 1.942900 ms  DeleteObjects: 0.127400 ms)

========================================================================
Received Prepare
Registering precompiled user dll's ...
Registered in 0.000931 seconds.
Begin MonoManager ReloadAssembly
Native extension for WindowsStandalone target not found
Refreshing native plugins compatible for Editor in 0.40 ms, found 1 plugins.
Preloading 0 native plugins for Editor in 0.00 ms.
Invoked RoslynAnalysisRunner static constructor.
RoslynAnalysisRunner will not be running.
RoslynAnalysisRunner has terminated.
Mono: successfully reloaded assembly
- Completed reload, in  0.730 seconds
Platform modules already initialized, skipping
Refreshing native plugins compatible for Editor in 0.40 ms, found 1 plugins.
Preloading 0 native plugins for Editor in 0.00 ms.
Unloading 1808 Unused Serialized files (Serialized files now loaded: 0)
System memory in use before: 85.1 MB.
System memory in use after: 85.1 MB.

Unloading 12 unused Assets to reduce memory usage. Loaded Objects now: 2380.
Total: 2.121400 ms (FindLiveObjects: 0.263600 ms CreateObjectMapping: 0.075700 ms MarkObjects: 1.666400 ms  DeleteObjects: 0.114400 ms)

========================================================================
Received Prepare
Registering precompiled user dll's ...
Registered in 0.000885 seconds.
Begin MonoManager ReloadAssembly
Native extension for WindowsStandalone target not found
Refreshing native plugins compatible for Editor in 0.45 ms, found 1 plugins.
Preloading 0 native plugins for Editor in 0.00 ms.
Invoked RoslynAnalysisRunner static constructor.
RoslynAnalysisRunner will not be running.
RoslynAnalysisRunner has terminated.
Mono: successfully reloaded assembly
- Completed reload, in  0.745 seconds
Platform modules already initialized, skipping
Refreshing native plugins compatible for Editor in 0.39 ms, found 1 plugins.
Preloading 0 native plugins for Editor in 0.00 ms.
Unloading 1808 Unused Serialized files (Serialized files now loaded: 0)
System memory in use before: 85.1 MB.
System memory in use after: 85.1 MB.

Unloading 12 unused Assets to reduce memory usage. Loaded Objects now: 2384.
Total: 1.918800 ms (FindLiveObjects: 0.196000 ms CreateObjectMapping: 0.038400 ms MarkObjects: 1.559600 ms  DeleteObjects: 0.123600 ms)

========================================================================
Received Prepare
Registering precompiled user dll's ...
Registered in 0.000942 seconds.
Begin MonoManager ReloadAssembly
Native extension for WindowsStandalone target not found
Refreshing native plugins compatible for Editor in 0.47 ms, found 1 plugins.
Preloading 0 native plugins for Editor in 0.00 ms.
Invoked RoslynAnalysisRunner static constructor.
RoslynAnalysisRunner will not be running.
RoslynAnalysisRunner has terminated.
Mono: successfully reloaded assembly
- Completed reload, in  0.698 seconds
Platform modules already initialized, skipping
Refreshing native plugins compatible for Editor in 0.42 ms, found 1 plugins.
Preloading 0 native plugins for Editor in 0.00 ms.
Unloading 1808 Unused Serialized files (Serialized files now loaded: 0)
System memory in use before: 85.1 MB.
System memory in use after: 85.1 MB.

Unloading 12 unused Assets to reduce memory usage. Loaded Objects now: 2388.
Total: 2.870600 ms (FindLiveObjects: 0.356300 ms CreateObjectMapping: 0.107000 ms MarkObjects: 2.294900 ms  DeleteObjects: 0.111300 ms)

========================================================================
Received Prepare
Registering precompiled user dll's ...
Registered in 0.001865 seconds.
Begin MonoManager ReloadAssembly
Native extension for WindowsStandalone target not found
Refreshing native plugins compatible for Editor in 0.40 ms, found 1 plugins.
Preloading 0 native plugins for Editor in 0.00 ms.
Invoked RoslynAnalysisRunner static constructor.
RoslynAnalysisRunner will not be running.
RoslynAnalysisRunner has terminated.
Mono: successfully reloaded assembly
- Completed reload, in  0.730 seconds
Platform modules already initialized, skipping
Refreshing native plugins compatible for Editor in 0.39 ms, found 1 plugins.
Preloading 0 native plugins for Editor in 0.00 ms.
Unloading 1808 Unused Serialized files (Serialized files now loaded: 0)
System memory in use before: 85.1 MB.
System memory in use after: 85.1 MB.

Unloading 12 unused Assets to reduce memory usage. Loaded Objects now: 2392.
Total: 1.858400 ms (FindLiveObjects: 0.203300 ms CreateObjectMapping: 0.036800 ms MarkObjects: 1.498500 ms  DeleteObjects: 0.119100 ms)

========================================================================
Received Prepare
Registering precompiled user dll's ...
Registered in 0.000885 seconds.
Begin MonoManager ReloadAssembly
Native extension for WindowsStandalone target not found
Refreshing native plugins compatible for Editor in 0.40 ms, found 1 plugins.
Preloading 0 native plugins for Editor in 0.00 ms.
Invoked RoslynAnalysisRunner static constructor.
RoslynAnalysisRunner will not be running.
RoslynAnalysisRunner has terminated.
Mono: successfully reloaded assembly
- Completed reload, in  0.700 seconds
Platform modules already initialized, skipping
Refreshing native plugins compatible for Editor in 0.42 ms, found 1 plugins.
Preloading 0 native plugins for Editor in 0.00 ms.
Unloading 1808 Unused Serialized files (Serialized files now loaded: 0)
System memory in use before: 85.1 MB.
System memory in use after: 85.1 MB.

Unloading 12 unused Assets to reduce memory usage. Loaded Objects now: 2396.
Total: 1.915300 ms (FindLiveObjects: 0.209800 ms CreateObjectMapping: 0.039900 ms MarkObjects: 1.549000 ms  DeleteObjects: 0.115800 ms)

========================================================================
Received Prepare
Registering precompiled user dll's ...
Registered in 0.000996 seconds.
Begin MonoManager ReloadAssembly
Native extension for WindowsStandalone target not found
Refreshing native plugins compatible for Editor in 0.42 ms, found 1 plugins.
Preloading 0 native plugins for Editor in 0.00 ms.
Invoked RoslynAnalysisRunner static constructor.
RoslynAnalysisRunner will not be running.
RoslynAnalysisRunner has terminated.
Mono: successfully reloaded assembly
- Completed reload, in  0.714 seconds
Platform modules already initialized, skipping
Refreshing native plugins compatible for Editor in 0.62 ms, found 1 plugins.
Preloading 0 native plugins for Editor in 0.00 ms.
Unloading 1808 Unused Serialized files (Serialized files now loaded: 0)
System memory in use before: 85.1 MB.
System memory in use after: 85.1 MB.

Unloading 12 unused Assets to reduce memory usage. Loaded Objects now: 2400.
Total: 2.734100 ms (FindLiveObjects: 0.259200 ms CreateObjectMapping: 0.074800 ms MarkObjects: 2.257400 ms  DeleteObjects: 0.140600 ms)

========================================================================
Received Prepare
Registering precompiled user dll's ...
Registered in 0.001102 seconds.
Begin MonoManager ReloadAssembly
Native extension for WindowsStandalone target not found
Refreshing native plugins compatible for Editor in 0.41 ms, found 1 plugins.
Preloading 0 native plugins for Editor in 0.00 ms.
Invoked RoslynAnalysisRunner static constructor.
RoslynAnalysisRunner will not be running.
RoslynAnalysisRunner has terminated.
Mono: successfully reloaded assembly
- Completed reload, in  0.698 seconds
Platform modules already initialized, skipping
Refreshing native plugins compatible for Editor in 0.40 ms, found 1 plugins.
Preloading 0 native plugins for Editor in 0.00 ms.
Unloading 1808 Unused Serialized files (Serialized files now loaded: 0)
System memory in use before: 85.1 MB.
System memory in use after: 85.1 MB.

Unloading 12 unused Assets to reduce memory usage. Loaded Objects now: 2404.
Total: 2.049500 ms (FindLiveObjects: 0.287600 ms CreateObjectMapping: 0.038400 ms MarkObjects: 1.602700 ms  DeleteObjects: 0.119700 ms)

========================================================================
Received Prepare
Registering precompiled user dll's ...
Registered in 0.000925 seconds.
Begin MonoManager ReloadAssembly
Native extension for WindowsStandalone target not found
Refreshing native plugins compatible for Editor in 0.41 ms, found 1 plugins.
Preloading 0 native plugins for Editor in 0.00 ms.
Invoked RoslynAnalysisRunner static constructor.
RoslynAnalysisRunner will not be running.
RoslynAnalysisRunner has terminated.
Mono: successfully reloaded assembly
- Completed reload, in  0.762 seconds
Platform modules already initialized, skipping
Refreshing native plugins compatible for Editor in 0.39 ms, found 1 plugins.
Preloading 0 native plugins for Editor in 0.00 ms.
Unloading 1808 Unused Serialized files (Serialized files now loaded: 0)
System memory in use before: 85.1 MB.
System memory in use after: 85.1 MB.

Unloading 12 unused Assets to reduce memory usage. Loaded Objects now: 2408.
Total: 2.667800 ms (FindLiveObjects: 0.263000 ms CreateObjectMapping: 0.072100 ms MarkObjects: 2.211200 ms  DeleteObjects: 0.120100 ms)

========================================================================
Received Prepare
Registering precompiled user dll's ...
Registered in 0.002070 seconds.
Begin MonoManager ReloadAssembly
Native extension for WindowsStandalone target not found
Refreshing native plugins compatible for Editor in 0.41 ms, found 1 plugins.
Preloading 0 native plugins for Editor in 0.00 ms.
Invoked RoslynAnalysisRunner static constructor.
RoslynAnalysisRunner will not be running.
RoslynAnalysisRunner has terminated.
Mono: successfully reloaded assembly
- Completed reload, in  0.717 seconds
Platform modules already initialized, skipping
Refreshing native plugins compatible for Editor in 0.50 ms, found 1 plugins.
Preloading 0 native plugins for Editor in 0.00 ms.
Unloading 1808 Unused Serialized files (Serialized files now loaded: 0)
System memory in use before: 85.2 MB.
System memory in use after: 85.1 MB.

Unloading 12 unused Assets to reduce memory usage. Loaded Objects now: 2412.
Total: 2.296800 ms (FindLiveObjects: 0.202400 ms CreateObjectMapping: 0.037700 ms MarkObjects: 1.907400 ms  DeleteObjects: 0.148200 ms)

AssetImportWorkerClient::OnTransportError - code=2 error=End of file
